gAAAAABouCTH1s5phtx5-KX8k7Gw3UIQuX8Yq4ucJJg7DG-K3Uujpi0OL85fue6tyeDIPyJeG5dCy66PKWs0-UoF0S1H93yCsrJoirL9DpB7w4lhczBHZvuQXrryfF3iC6IQJ399QHTyT00ABdUOHDQVq1rvdVhien2e_fWfkeDrVUz3ZLTJBBD0d3nPLAyUCO72oT001Z4-
gAAAAABouCTRCpFLHvSWKbDVojI7vskbu4dWw_YS4pvy2SN-WfFTnbaXPhFPeLd6dmGEussy3M_Z4c8sqHRKHE0ff9MeOJzR5Br7qk3EjJUa1nsduO6c3kRva75DyBCUDAVqq-LlAD_QJreNXzWiLq7_zHxF2J4obdn5uYi1NH2gNN-HeynmuZb5ipwntpUCKxOFLV-efDW0VxMUozsxY37vwQo_e-s6LUf_-IaESe5azy0jiYr8c5qPYVBOecr1btD_P01sTs3EsVf2dNeffX92AAk2NRLqUjR3b_A8avL6jqlLK8M423SnMY4xd7vEh08Xa6zUGPFrLq4Tv0H5jGRnHDrZc8K3l388BujO7TBcdxpyttKSn1k=
gAAAAABouCTcajKN2tN_Bo2k9-dHMTdLu0IO6tROAnK7Ei5yZG5MbilLFwLL-rOfniZrLxIjpJV5No_ou9YnleMis54CBQ_ivv0b_CHbCnzz4JU3xJE00Smt1w0ZL4gai9SiC3lTixMQwqn5oW3YbtlpftwJ48TZ099YIv5If-PIPe2On3N8_Cg0DCgFN4FQlf989l4JnrbD
gAAAAABouCTjJPi-UNoND6OiujfTV7fI9rv82HU7YQWl4TFTOBGOj2UO_YKHhcXvj5QwIQqFRVUfEpv1afN5-sYPe0lWwx3gd2l8UwxFGyUoH5Twul1N91Y0kHFk2eMjOL6PgHR5wWjm4IwbuIzJ8Zhd-IWhme4nmjx-yn4sQd2RNI_sJTtFGz7ahPDYJ6jt-o0z1x5uKb4019ZGcm-eKdR2C_xEHTFt_JUofgxLq-dSX005s5Mazes0wrHcjN6Ap2sxN_A4pQC3Akd7pC3aXwWJnUXpaTg-ZakGmzcRj0farWi_e1z5pqASo6q4N3bCp_Gzwtrs1TP2iZOkT9dgHAxVVZCFXloId3BUePuB9x1In36wv5qluxE=
gAAAAABouCTsoGRXDw2c1RlmEDRiL4hde53r_JBtnbEbLNpvFvirI7CCt3_uoYJQ1HJyv7z_qJZIjbOBT490uYuN153-7j7RgrXEyJF7Vh5NW0pGoTpPFne04OJHfaAEEvylQvblHXzV4sungI3wAYMPwLxaRKR7eQdBsCM6VmQwKSNBldqRCkczAuzXanMrmRGQ8rs1XePEyXAvjSAnt4b1HQwQdM9pKKt4BAb7ul7jgJD6TjwpX5o-X40ttc07NtnADlHyoDyH1VB8KpoPkDu-1qSbbhuT4_kG887f9HO9O6d1TnIlfS7dIbOY8eQXz5cTJcEvFaVs6fNatr_6vUOHvceavV9kzQ==
gAAAAABouCVrFpUeAvl81UupF5EOe6pI7vbNIKicFxK8sdQEhtJnKgwbvFqknEHocnRMSgnODNnDRglNaBehD4FoWCdxBdExNcueMk8jTx4eve78UVH2v6pATorrXEPRGMTiSnyHlU_MWpUAaGIhpXJYGk_MspCPzNB94EgVakULtgeLxfax7YNj8qRKm883F7n1KgRAcr0hNBQNxIopo6JM8vyQXIM0aQ==
gAAAAABouCV-FadBcK1NICsczZd8Npv0UP9cESPUB0FbyiuxdHoIGQuLdQMmUdCaHzQwJZ0F1_pS3B2NLPn2OMY9tR0fStSEXUzroRYtacMY3VijUlxKKULFgPZMKbRv61czWeOZYeMYJ7MX7xGsr1JUU8JqLvJmFGoAhR2GzI6fl0ZKrHkVygrOw-uVoSu5PEAZQSBFPHRfib0PomKkBguIzgy51IcNGA==
gAAAAABouCWQRgGn9stlxYSqQC7BsbKRT6f3-JyniYcBBBP3Q4kT_EmxsuP9oxSytTuJru8Z5aeK7aYNHTrL6DV2jU4K74Cpn7NcmfDQU5hAphOosGoVsnmv2qp6LSVwFIjHXZnTOFUnd9vLSPAt7o_ygacObr_TF0W6cuDeV4-ZYcp-kc-eeVuNSQoo6mQ5lrdLNvTNe2JT8SM-izDjOAStZOkzYc_SYx3fmR8xDHsNE0pmpcQ1hTJADG_C4RNz-ESo22J9DnqIEusE3_eXVHHN50AliZlHOuOtPrpcOJs-BXENx1tZ9l0YyMKh9cv8qc1Na606L8eg
gAAAAABouCWieA6b-ggYvreMVrRuv52-6W7uD6k9gFTUsLzmv8EXy4_lsEHg0rcoCciZcC9MPzpSOgEFZ9iRJKdEN4LQM5ETO3my_k30Y229l7o0102STrBSTqQQxgp8CWDqGTCBWwzVnpzkbwn8uHaVXSTr_18oc0CK6un0xSOUk7ZIkeOgTyLWbU3eW5de8ub9yIMrEtllV1YdCQc246vwThGvQrZXvnm1bWjHuh14AJQ_UVvKH_LNcfSx_4Xli97pUisD_t_ihNASy7dV41wk4W6rDAuGEuRHDuhpQ2inQAHY0EC2H990dv-wlLBYJcU0ZThf9pKXAmUf7hu0Cv93F2kluSe_J-uacsNOEq1CkHtCXNOmINqfk7nWxr1IOQNdyHVsXSIYt0ULQk5TmeADIrtKojQRLA==
gAAAAABouCW7Ehgl3ZHlFaecbADJTW9_u-I09cf-PACNfTlQyoNSrcxm1tq-TfCqGpQ4qxIwZ-mCMCqhFbfpLZlelM4XNk5aKArRlNo3maVpu_jC3oVjOfwWvv-LppwbtRXOPzJyegtZ6tcVZWgkIrHonJbwyPyph5K3axCiyn1drQLdbzlvRT-kDOqaWZdb92FTjjqoJrXvZ6zhVjL2KvXCYx_uFyeVGzSpesi6yWOhjARWRsPYUkG3Xrk9q_jcHYY1vgI15X4-yLsr4NQK-m7EYpTUZMqppwKZQzYG6MSg7Z7tadHougB9DVhSusnc4d6NrxiHubB6LDQvtC9Veok-p9As27IlvaDRPIgz7qm8-T3cHxk4-ygham_w0sNSTjroWtP5vzuKafnW6ZK_5HuKrfPJBHZzPA==
gAAAAABouCXemqaqbtFz9KLNLLRR-Jv4ki1GQ90suZVaKA3XNFgXIN96Mlc8XlcZafdXU0SU7iOYrgSGELP5xmHYJjkEq7ACOghKUGxQ_yk7jrS2n3ohUd8BqiKXE0fCgMDtMi3FVwhFEcu8iJ5YfBBUm1-3sz_ERtS97UNe6MSQZD2PaCOGZBg=
gAAAAABouChjufvEIKgz-Iqw5YumsqYgxieVFONCsiEXnMOoswWKFyneGnr6G7OKvvNegBSggxKnZKx82U5jyI0ehxIiIznDSgtPkjWpOBcGPGZrx0OKcwDpr0xc6QZ-CzcYcXHn8GD2NMWMkNIGw9EMrZlLWSZx9PB-xkSf2-XGZOj4Z4YIL7Delai9xEUH2tleNsfDXK4T
gAAAAABouCtJylCZ3kijjKa8JnBhFPUmRXZEfTspfO8_0vHtgDsaZQVI8vFSA-iAJh9_090LpYdR2BnKEhB95V57d58T-YR3yNIggo9DBtuooiOp4bMk8spjHdJzMey67lTBxmLOCHg4M9mjjRd2e_-vTFoxUgY-y0RzhU0UvissLfLyZxmZwNRbFDbF1RpCFi8TxyVi1IQElHFUJJxmUe0Z1_e32RHzCg==
gAAAAABouCwn0gULNwf1IFt2PK8uNwtw4SHoDRfbfSUO3JbTWKjc_nFY7MgMUNpccBCGn8lHOSiLA0sjVb2ApojB-MoD64y11d3vxeQAUAQhg3WeiQxvRSdeU2BBrVnWFGhCs6XHZ_eFncpCJs0Bqmak2md0L5-5IeeFDGHTSMvTCg-R-WDXeAmpCkyjLsX23AzKikgzigAL9j7paYuoR6kWbudGlkLFWghMql4ya8yWau3mbawgcGrhKI5pirrlqDtuT85klOELUNE_YQIevqtOhpKPXVv_B5ADh4uJojL-7DtmdgjcnhLGlJY14L0ib3Hcv1eMIGuPlrqdFtPcocxvPDToC6jAMo3DmaTQ9X2_8gOZI9Vae8ZSJG7pQniELa5Kca1IwgPIh8oo5NnwqvmGpP3uFx0weA==
gAAAAABouCw1tbTsSVaESwc_d46obG3hrlq-KuhI73sOaHYASA1IYKxPznqeruBXcTNhz8ZIwf6IJl2xErTdSyRGa4a0scm52v6R68xSR5MobXsh1wsr-e6rJR38ATZA1InSKHlev6vLer8AB_CSxbYVy6sWlmTg762dpiUh_kbrH1JIWM2q4_zlUrRJihoCEVlbsSaQHQ5grm8rdBQuF5b-bCzRllIYU3vdA-scBIUPs1XT7LRxRjJ3Y5msa5atZ2JWFsUIizUbJtys2erTP2ZjoZ5ZwPrLx4N1GdiUZMNMi3t9c8Zg-S2OGAinWSCKNuauyJT2CmyjyRIETG9MuTtTyf7fck1lDmslbEY1xiIQN1BdOzSsfgE=
gAAAAABouC4XKrwSxHwGd_GLp0O8Jqa-AiFE0IKU3JsFwp6E9zlF7UwPKagsVzFWWmF79y-_iYTcB4u1Q6tI3R06tWfQuqkjH-J0BkT7rDakLG7Bh_MCjuE5_p8oCSCAp5qkzMFnvCLFX7IB-q_SE9DRfq4BGedeNYdXseZu2C52QEWRolUsUrnbmoEvYOgqyQD_TpH2Sm6B
gAAAAABouC-IeWc2eKwpKcxop3OItW29ATCReu0R4hKc8uhNwEqc9gDMhTyRE9F0A4BHGR7YYiixFrQNQz33o4e9bwQwvO8t-dkQy56Fk2ZBHgVr6260H2b1Zztf8LM9R-gS9HS4CMrFAmc0h4_JOjqa_AtFvQ-J-dZ41S6LXBpVQbw75WzIB3A=
gAAAAABouC-cL7J1IJD5B_zbtyT0xcs-Xg1h4b3NhCyzkb4pyNf-bjc9LBXg8-MxqR_nUPhq7ZV6UhoBXw9rfV2Ut0x6fNLxETrdz8bUxBVH_SQONelU5WDWb0yB06-3-jikmtN41Loeesdk7BTXaNlIkFYbNN-3KT6S3QfYWO2FyVI8YebHCjadXO4WUA5z9VjJqex2SxWm
gAAAAABouDIldM09IbbxH_af_S7CrehKZEBRfFffsJ_RzyvFBjk4cYR7PevV6EiUcjDydv5JHHFtUOFpduwDgg4ybv_VjhwYbvYJ-drg0IYsO1YBCQJ2Eahdx8hNWfGLuVneQm52xweNriTwZaHrUwTI-NDieWNAi8G2F3M5R2riRfblhiLPYcmbGX4dprrIAk-5vCktoZFI2PUPUKHODZ4mhgGCwPMDSg==
gAAAAABouDJigF-tWa2Vo5Q7KuBJp66jeuw_reQAjSrefjh6tQCtGnPCHpusE8pNRGpg3kmfpFs-KMf6JiD4xY4rNzTGx8OXNNAhazes0EVesaxU7aC6x-CIFKGn7__unZKx0rWP_JFGd1-SHDi8BUgCfrvvN8UMCX1JvOzsMzVCf9IZ_HC-yxT907YiNbrfTMhD2OBtgpv2_C1kc3JZMq0DcGl4eQKYcblnGtJJ-cT_M9BBIX07zno=
gAAAAABouXFMofMP4tx-wGHx9CAfpOYuuN6KRZXM24RXYAvycUwjAxIxU42oZUBmy8KFiXGzjBO4nPL-BNv67kcsfaKWLh-Y8S63xmpyvvWNo-FC_6hwSeq7hAdvDmCu8bX1d69BbOGrBpPPqqSkIIYceHU7D_I6Hf8_tqji4ysVuxppMHRYnUVhEEeOtqjxCKlqHeGL6t6_
gAAAAABouXFeaRUKObkVMuKbaB7FCy-i4qUl6BPRdB6cxsKfNgrvq8NT3kl2LPwH6RYGx7m4df6TS4qD4vM4GfU0uE_ZVRbHbydCAeS3J5judU51UwxQaWDEJ34ivo3xQ6SePxEgYAgFRwrrXBLjarMjx7WQwqzpbU7PpHBR5qnNAS2Cz5_viek=
gAAAAABouXFlcJxJ_Kl2-Yhcnbyv573CEDqSHwQE1BB4KADUvISKCKpUxd0Px52nncp8iyYudKQrPrhnMtNnYGt9tJBG27DdwIB9iihvtfRXxvY5gXDqtrNXotdGutPVdsV0mnr0OYS0QTZTORyU-LlrlkzzTFMFr_mMNMUk07MU2iS6cVHK8pOZReoao6V20oTwxTCViMZ4
gAAAAABouXFur1RXMTDSmC2NvJInlh-0WrQB-8RCajFYj0jj1gudSRHeSAOoYlrXG1s1SPR-gDX5tfvPslUiTzfR1ztgzMtOzcsq7YHOkhIDanr5dfhgr6GBoBLj7YIXMBW0lHKXADeSP931kUgDlCJ55IzWJ65I5g3mtEjHLpa1tnjSvNeERgLb8-_8kGJXcqvO2AjktLI6v217Vgyqlm-1S45RHsSFuw==
gAAAAABouXGQwKL99sGP4nusUd6Uty03kIBp8TIDNT3Wz-jU_3IguwksDMSOa9EZELrQH5_Su0T-Svl6KA7ZMOR54fMO35VldAaAAOot-6i9pY_hD-8akMJdSkzWuN3-twcunjEdEanmOiDcA8qfPSHuHSkFwx4QcpDVnarUilKpIdhtu_scZmYAcX5yQISTypvjGXwKSb8JUZFo5MDezoYFPOp_BJ9KrCRDIcV56N3AMFiYAXTOLqE=
gAAAAABouXGq9_NPQnJ7Oe8rFJkfjNU8pve4DAv6dAbB_CXpFjoX3zGER7D_YunaaMuLcNAKQ6huJcK9kbAo-iaW-Qm4Ngj-rBa8K6gWcNTi5yj_b1B8XO762vNNSk6jgzfaOXVINekxxZjNTebNzb56PDL9SBE4YQ2dkf2FY3mrBWxCHEUwtOjMp-9nVCycK0bpiUYknAWFwlC3ByA8qaBaDuISTja08GUfgl3nuMHAcIAV8KsOPKg=
gAAAAABouXG3zwt89b1lVOZzsHXmx9I2r1YdJcjKsD71kobJlNLsqJI9PF3WMRHU3NvxJyHFjRtS-Qbl9ZLpPZI43S7XkW6Xyv4GVUM8ojgDT_Rg1WW6uReYWKAlFfAK-hwP0s8QGlz508w6UbhC8HinKEbElHY9dTNYC2tIKoyVmmMYgEHBU4msScxacctDjWQN3UfnU_-AUl_99O1zDX1UDvyp4o1chA==
gAAAAABouYQluSYfYCo-n1e4VuPqS7vB-Ij9lZxqoN6yCjvl_BjYR8TxnWZ_t3bEVW1likn5A8buOdIHB0mA6H37poyypipaLH7dDBl_FHEOQl89VlvoKtmgbGRryKGbd-MxeTQ0aLo6biLJp60WRXnjKdYfc9BZd5Cg2Y_lqUm-zGSvMFHEKSzlsunZGznufuRXPD06ad-I
gAAAAABouYQsv7jI7E8aCb0KfrM2OwpzuPzCydS1ByIfjaiJGNDYuslbGvN7Hbz5WRFKqza8192ZKR0bS5ReEWMIzac0PHlVmfm8V169H3xOkpqq52WbgB_S2GObd6UFI7ELSCgpmOed0jamYwaPqCAxa8_zyFqto4TRxrutXtbvhNZVGQYe0usos5uSWq5PXgTzvJdbJPxAmMXhXdqizmZD1ym17WnaDw==
gAAAAABouYQzHnpCZcbAmSMQBtmN-M6gR9NBSig3GU3W1KBB3M6ZsBue-NG6TK11-qG7_8DgPshRYcmw596QVY360iYPY6HpB93NviOGxPocyUTMUM40OfI12D8sf_U3fpI07EBTS9wWQ1ECVOx1EWrhkf-AT4ejuJGMpvJuWbVBWcB0-RV6dpb8_mL_LZH3WbS5uBcz20_tQtSByZXTDpsFZGoomr13H4Yq27DTja4wLmQi6N_gqXI=
gAAAAABouYQ37nS-tY5YSRkvnVEWmUeJTGRYI_f9JKeK9ll7FzxF6cfVAh6wnUX3fpRKx7tSFkB-8eK2_ajO0UeJy2y2UtDv99957eIwUjxMAJomsYjQQgfMkuA61AKGa6e2Vfsyk-Iv4votY-SD5YSlnPdhaKwp1O9KSD_SuQewjWmG0nceSRwpnw2MdqCUC14fl_8CHRITL1DVSlh0FhV8S41ImoEqGQ==
gAAAAABouYQ-Jiww0HxbrQuBe-rDvXtYubkbWen7LF3lHOl1OKvom233VLUmrx9LU9_EZqx3BilKWfY-dwk3dVWEozhVnPRxEdos4JiY5sNeYlFWvX0J_rcIQ4RRwv9QbU7MIpLs-_OmlkZFMFG7Wlup4RHgNTwmcUq2wsIv7jG9x4QBh36plLl9Fjww-vIBpzIr1sqZx2U0oMS6cldVkncmfmdEntq7DA==
gAAAAABouYRNxdbhi-Pwj62rQU2prWqEs6ckV84EVsmifY6U4W7TY0Y8ua_Z4igmQ1Wv1B8MsxkZ8iKGTJlHBdYnf9BOQ1-z3XWQ16Qw-BFpf9XuVBZCMhe1GxVtiutIlALHc-SnSj8m0MjWIGgy2AtOemyi9bTrO62g4lCHoijrPZzqqFfAusb40Z73pcW_GsLMt-WJer1TxudISjsIUpND930WWHvnTQ==
gAAAAABovGOFKeXO532PcjgRq9R-GA7PhZ4KDg2Zom_nO7OY5ooEaOClZi_7GovjsTMuxPoVYNTQf7hDuunx13IhD15SztyTgS0kOYYnyMZlM2aGpcbG0-AjRlDDJsac-QtNX_3cjENVH_IsEBayEavr-UsF0RNE0DjymX--xvDCRjnAIge7l_Zq7rO8URiEGPA8qCt--mM1
gAAAAABovGOVXgQbJWzIh5nix2y4hx_09J0hcNaqY2YIbBqIVXn1YTaJcz4_aZvVLlGbvz0BuWjCFEV-mJwWXrh_c4iI0pH1W_MAQYLV0ZvGNvrRCmHc-3MW_87cWCX1jjAT3gGWEc_J1ulLzv7V5aKYW4pUHl2F2Knx0O6-kKWg1SpJQTgIUsIoGxS1oDM882JfUj2u_XdrvDNuzAA3aaN4YEjFpLp4Xw==
gAAAAABovGOYVJuSCpYzY6DodOGHyzozaRLBwzmWZLuDzgWW62UocvVgUHLUToptJW3bfxzEt6g8UMcxBLHFCj_jjY8xoklVCZIuxhU5sJkU65CiCRa-O-bIdvq20GhZgafCfuIz9isgzRQw97-664CEIRe8wDtbjjCzz1LH9PKV31a0DmQgjivqxUmEtW1l4V3823bDHuapW962epGgg0RrBC0QYdnFkg==
gAAAAABovGOknj58taNmi4aF84VO8RpA_0hTNC5PiMEyhlBy16uvH5NHLxjlbBq1hnAXBopAPMEJ7ULSBRNXqJ2GvQQLDTFthRmbJfgVvOg4gS6xDWGOYcZTrN86L5fCANMyBDxBjoz1qBvlsNCNzvrIv3ShKJR_7U7w86EMtQfzac8-IR4XHDC3qf81MEIuZ_3o5A-hGZnIxvMwAt_HieqVCzzyI37FWiWs84cMIJrAB8McugHhdcM=
gAAAAABovGOocmT8nWjQtvSrSI8lHWv88Ndktxko32PeJcs15dTBhDrAKteM6UjO0HSdWfMr8R2PZmGA1KcTC6eGdBkiuIrO5Rs9-oUnxbCYhc-ZmKCE_AxCuIocFftR13CbNh_tftVXq4QeOXqfdrph-BufPg_roCOVy4RiHLHRRWb7DZq8bo8TdCH7kdTZBfqCdo-D1wOdJxtX7ryQDrwGdW7VKw6xHQ==
gAAAAABo0mV78YZ9yhizk_oMPU8assOLRWvo45Wy7KTUcfAsZkrSWj9u-cx37WoazmPX_WCwLAXMSOOknAmCKhVVw45VBemti5BftQOeVhx7VbuSIp76258RzRkhgmPv3PxmFR6xNiF7eNzNPdlBisOXzEzrE6Km74xobkXaTchG4kbR93_eWWA6Rl0TsyVA8Whh_dx95MDe
gAAAAABo0mV_uQUP5g01Jtunxl1rLKi-2KDpObzuakTH94JJHs31LnFF1KyGYOvdkky2hNNbv8DjweZazEDDXNk814bAGSWSQ1IsjUdIVixuIzHbHzrZctWcHuJV5VhRqnuAWbGrTrdFJNzilCr22q0UGiAM0gcnQ3MiSnYcx3WbdR6O09LYGkjMC3oHFaDK_2aIPqxB-mwrkqFIpB5XiLGGw83peEN6Xn00shclwe2tkNtld4uqm6c=
gAAAAABo0mWOf6vmeQiiytFHr2arGJ23dTTCNGflFVyTVonqz7UeyjwZDYi5L0c4bVTYJrN3h30G0-Tj9bULzlItbSWf4164XVO5KzmvRpuvCsZwkrIOTbawkUN0_0aDSFEy7ZS7oNuErm52H8HuxWkQTGA4CEbDWE-mJh6WB4ybYx97r9s_s_vIotYShno7QpDqtL2cJygCEQTKjGEAflfAJVC8LwZaExAyw-TkQlPjRWleMy6a18UWCVA1lkH_mUtRjoA2p9bJ
gAAAAABo0mWdjlFuW9GfCoBNsfly7a9_B_8aDSPyIfv4uFXO4k0mmWsYoi-14gK8Dtsu0tndTQ5Y-rRGF9XtIOT64T50twrqNi_LCNxTiqwB-jFUI2fryP6zVxQDUdBK5uUbJqweqjdNQsbK0feLwuTb-ukLnoHnNfl3dmqa5Ns7bFk6I9AS-K-XHCTA9fWeBoBoch9-y8654p7Fe0YmWo2qAphV7Fh6ZG3ihhpGHuEeJ3hz2Cz8u9k=
gAAAAABo0mWfe7-zvd-COomVJFHQ4oadu5_d8W92WiNlgeBCPeHmY5POV2GBWRdC-6BVzCOtNQlyCt-oH4K98uLCnaiCiwoaa2Pkf3bgjLltzVncxHWsdArhlLsNwV5vwHyTNXerdCJuPgSF8dPVgf0tCrEqqaBGoMjUmej8d20DMHeY3R67KxK9IsUe5iMs65JHsW0pF-qrNbIKxl80cdnS3pY83TbtValWN2VtFEMkcrlZVev-9dM=
gAAAAABo0mWwRDUz0mOUMcwUvCeiRpcuWAjFoQHo7hv4GkAIFQL8B-DHWD4lYsiypIyeZ_7ig8P3Mt-dk2eUovxp5nnTdoO5lqJcnJVLZ4tAGDkDz-CHnZIuMjwfZnNcfnkWogiRTJXbxx3VxW0csQV6f4eKU3Vk3VK3_VgJ7WilkI5V8X8VmKYVPizO-XeYumRvkBQ5ZU_SdZqTjy9iKpMAtDqC2m1lSA==
gAAAAABo0mW_JWACrEY0Kzew6MQO9JAZEnmmOcbMYb7Hhv1mv112bm5oDykcg62LSDh8s4gyiuD--AADXp9auFZdQzASEySAoeOe2nidAqiLI23dV2HeDYIopgzxgbaztG6YcZwq8U04CfiFh_XUmsGVL6DLUDwjdWAgfByvL3PLjsRoPF0eAmmz5iVAaWEGPX9NTMQz359f3PtRk4tGoCtAcMBaPcoAWg==
gAAAAABo0mXG5D2j5FOBx7JhxxbOWND3F4rBw6t2gH4_Rgi3Vt4OoKiehf6N5sWo0AEw-0kbIAL0S41gc-c9fUiuAlQgA54EJ93oPyMqcrpbWE4jqCcKBsO4UNKcIkqKlpfX8Ifa8uOHTfSMr2l_pksX3spdJuurCu06pbaXf1XuxmEk4IJrg6NLIEoEmNUQKkzCsKjSii_zm0Z6QQzVEl0AaCvXJ-dR3w==
gAAAAABo0mXM3xToNccsunRBF951dLPEug-yq9scMPGgEEjIbjCshur6JAqe_tW3145rHroqctzYrsOBw-grc-LlHmCJUIVDuGh7WyjabJ1lLpOiNCxEFLTdF2uFqRN-WPWl62SSYcac_3WogUSDRsptdO3B8LYQ0ahUSpeO2P7nLarKa8kYr0Ys38FaiYTtprSz548Nf59fROPLl8aqiH5eBTtsoqzTyIlrt9mwvJVypSmuH4an2yw=
gAAAAABo0mXRY-IM7usxFYuepMJ6ukJFEpQ18swRFmxxPiBeE77qaK1U2PsWlIFF2_bGXMFqS9m-8WDb3PHSgm7s7K58wlqzFgHSmbgQG5MP720Av4zc7uafJeHLfHlSIycy92ErjqrpctQoR2d0vEZSWSdnpmPbaUJbeMFi0Knp8A-bU2Py8m8J-IBte-0vGmov5g44Su_IbxN0d3MyDlHCFYd_4w6-f7UeDOGuJHBEjjSGHco-LPQ=
gAAAAABo0oIsYBG3qHlq99TzkJL5qT_HSkXleaTjTkzcZUP1WQu8jsHI7uzZ9yIpxWxg3Z1_HcdnCUz1e2LnLQBYhhfjxrnNQVyu6TkR8YzMXkfLI__mhK4sWyg1ixNOaxSHqfrDXqJiBnY0EQHOZwTPciENZb7xEEFNXZuLutZVFC7IVq4L8XFV8bjDer4Tiow-uKve9PLOsAIxq5wtIb_gXJWAb9VJCwmo6NlnJGsnDyAo33btYtaoS9cK5gRVnkctRak4yf1Y
gAAAAABo0oIyva6_SEoVmOL1l4MSdnjowgpeaQCDuItb11nkY0e1KXAk3KaBsN6Frm5p8i43edIxck9XOxrryDFMeOfTcl5bgvEsSo1whvza0uZJb6bQ-uJCFsds7FD6EjNCBB1XNr-R5bAhaBi-UXpcBToRfawHjPJJe5cRdfHWrWlyFg2twPufn6mhyRWiO2gNldNd8WIixLEZUVI19IbkW00xaQ_pDA==
gAAAAABo0oI5uovflnQev9KBTROSzdMHLnsi4XNyriJBULFZDrTKnt6-_9Lop53n3CfhTiPl9fk2vdg21CQMQXdE-yts3qFxEYFRrVgt7FU0AlI1Dd7uRQUu_8D4TMzVI5lKumT_lTEfuBnFJObRNT_Whd8UJ_iCNyiuK2pj8vfBAHD7uS92MYKEnbwwl-UU6QgnXhMhj97BnkUhM1vtvL2szvy7-6IIMw==
gAAAAABo0oMm7N7NlM3kuHmuYgTVPQjft54wk0WFAtpy3vQuVW70gxYDC_rloztpegfVkozR5IkwHlsznFuMsnrdiPpLFUghSXTr8XOf57xofy7nT6sivruEIzF1zBP-opBxkHuNQgu6zjI9C49vvCIaZ5WpH7I3cXtKTREPdb5on9x4t2ty5PIvT-JDouv07ghaIqIYAnnY
gAAAAABo0oVwSHU5HkpMlw4NgWZfhBHsQqPaanYL6Jg54sCaZBY6fVcig5_20xurOosLnQr4Z4M-5XlEPc2veLlR_uh7te53pv_BqTspI5IHEqMaHJxx94oH2uQBuO8vU7Ev1ONyCE2zh35NkIM_WtJlEzmKLQC3rOea3RIINfyEA5sDqZxTn9nHOrVCZbtSk9tG18spEeMFuEK8vGCq7pMnT9Isy0Mxlg==
gAAAAABo0oV9oD_9xLLlyXGJQ2nGKisv2F2jOmv10j7BoEgdMs3Dkoayg4Oq-TgpwlVgXgGGU_DjoGmXWgMUErVL7ZWGU4n_hRCFKw6FGJRz7hmKcdrK3611cvxqysuYZqWES96xBSb5smUBeKURaxH3Wc83FVZZCaJZ16G1rM83wkjycuylAO3sf3nC4mzx1n84Iq8_xROxF_WYZbONlxaPuDXW6pVh2HiZNsOv9dsgapBqVNUdbNvumBUu5sbKbuBklUyANU2h
gAAAAABo0oWLENG5beWicSBCnpbv1BnhA7xLOoDq823O1xbqQPm1IDa7_h028JSsk2OSr3e8cMJZSqZu4JfUc2wV373gDmX3VepglM7VWgVTVKWEj78PSDt4J-FtOES70nJDg3MVkmXTEhi2t9o8z_uEmkv16D20TNFrJw8cGZbMyXCL9Ms9SyCNkyXuNwNc-ZQtNZGRzJJg3WDHGtVEYvbERbAv7gDqCP7w9_e9BB5FGd1Un_fZ4rM=
gAAAAABo0oWnkpI7sWue2886h7WHt_XoAPLqe-pBCdTCg1i4meTxk91NPdi1ZfkXSUMDkdxvrxPQEVcZ2mv1XsbhUT8EIMYG-I5RxjeQo8YESnsQoGmBAjOoVb56MM9lAeVelBCfkSVFPVgu4mjh3XzEjeXoXN2mqph01SbwaEq_Ke4SItyCsPk=
gAAAAABo0oWvc7EH8DZ2m_i2rrz711Wh2J2XCAXktKLP72DUaAxWeNY7nUffabszeYjLAVx0_o0c2Dn_19zBENuO9Q12Xf7MLAEz6Koz_S1uKnaV5IclauGMh-kLpohz8Lz7ICUSW1q2CC5frOr-f5UMRpJC03wlmEhXFQANevLmnL23C_xMKJoRVkRT-OKRs5JxyX5_n9sR
gAAAAABo0oX2ROspvqMWO9dsfFlux2TC9Iz0jMh3Kb36iAoUt7vuQcweiYaihqfvtXFe25Hj64k1wACtmTitu3wJfSF-OCxYo510AFELxZud3mazyDUK9eNC1GPUrHPK0XYBRduhAioSIWBOB0Veth5uBBFJHjWkYqqKY7tFe6SjRZZs6ZtMcevkPcXHE7xhtHMPwkz2woRO
gAAAAABo0oYCUXz7BP8vc3-rbSpJsANlzpsvmbNQTMb2FFZYZVbHq7MjIuaPAPNBubahVq4NzCA_4d3lQ8h5HVa4N9wtpTXDbpAOeCSKRef8kILCNYw5e9NkzrhnfiBeUVLUjozf6OlyGO6sULRDXeWo0vt_CbiE2U-IFscMCRTXRoEsupwYj80iywn-mkXnW0WqkpOUhrnPfw7AdrfmSVy08bk9ofJevHGcJSmhofCN6Fvcy2eY3TY=
gAAAAABo0oYTXMpdG6OEwrGzuZl6cP0tzuuqCLzVLy0bsLog2d4aoGUF9VSS_tgBXtUsA4MjLtv3K5e68Nc3B7H2rIxbXQhCSDa7kWwnjSoXgYbDW86XR7qReutyH0fviIXEPZukQxrBi6yUUBelsLb5KRuM1rkyuGiNR0f_I0CH_6uNqdTqSslR3_exC7Gy8WnerusxZM7IiE07ov97bHhop3rIAsAZ_g==
gAAAAABo0ocDSALYWzzQmXGsNRnxyk2uXRa1C1pdlLur87Gjl4nlwdubTuhemusQyGpyOG3owdvC_Pkb05I9SqBD1xUHKsJfYTO72lVO3jL4AYf65h4iIfOxvV9EuCCUZTKL6i-xcavxm3l-nvqm4kd1pKVA56RgzkF0UdLMraODLvcxreMVTEgxgAivckQEwYGXQFQpMtoy
gAAAAABo0ocesk7sVJcdoEsKcbjUuOR17bb4MNYgOijShPjKyqIRxG9a_D68i8s9qKu96QgF9z6t84KZVB1_RT6SRK2GEB2ytBnR4OqATSDMMXsZR63WF3eBosdOW0xObfuHhQM2eJhGDaZ7B7Sig1Dpp0veOC9gKXjkiNJIZ69AxVnHOyX4w1vXOuR-PJ8m2zXP4yzVkvn8fiQhfJbU6JuYVCa4NwUzCmErgLvFDQtlrzruHMUthSA=
gAAAAABo0ochiZtqA36Id1_pqaEjAA0bp2KYPnXxeeqsTd-CzlUB_N778U05gBJP7tANJ-i1UD_qgTQAghv_oKNHUEesD9KhV7dcYIav47wmEDZynDgUjp8zj3H6qEf0oSqjMf75ITDeEur34JsSsHdG3u9HuXHTHojqpaBCES9H2Kt1JPGcLD3SvFzfJmeNl2WGyzWkmQvBBW8OgvKx3Hhqln7S2K0fuw==
gAAAAABo0ocjeFrbzxTqj_1GJk1P5juhbJ5Krous-Ir82js0H7rism6ayP1tmvo0n6nNAokwpRiBz2vH7MsplaTgGj_3dn7AVjuiqEfYfVHvYpMAqK9LwIpFeTPFSoEoGFxbtDja6Xbd1x85bmVetAR_3EYA3QstrZt5fSztctri4n1pxmKs1XlK7Bm6vhnoOyvy6ccYQ_p5wHT05C1mn0C46mxLDfisWQ==
gAAAAABo0ocwb9PF8AyC90A6HUgfgqk6KVFDGcNVNK0voNMjerkLqxBIV71M6xL1F6_wQMy5cSVztCXSz5FCiH7aldYGur1LkyAjmt7YNugW4iJYbIxk0KS9F4fMh78ehbShzKBDx467eNp-ZHTNDmxMnD7ij3ZZ0faY1Tk2Fl6YeHva4UC8oZjES5E5rMhRXToMj_N9Xu7VyGJRQNr7U5ehfTpjlhvOvZcM4MbMvzNZ887TfvfkbAk=
gAAAAABo0oeXHTnQWqkxp57FnafwXhUp4Gs0F9_Hk0lUC8nBjJS9lxP2vUMs7BO6BL2L4eCnkbk5tgRBrl9bbv8ZH5u8V1NWQvSokQy1TQNlaAn1p-pzFQ8E535iXunlTN-vMC3JUFr8sDLE84Zg3Fl6Kyg0bZVjkN3N-UmppgzMvYTkgQ3dctz3x1wrxo6GY4_lVP4KLsk0mJOb6ZpBB-K1FOM8hM6bJA==
gAAAAABo0oebuANd9_sdeI2gS5TIfE_tAiyPTBUcsDL3eVmMOt0mrZkClTBX6F7EXvrZYLtBGbfEpQazrziD8QRu0ADRRm33j5aglXJhVmd72ghuSb85qBC_3yVA5WGIyDDpiAmtP82xKaogxQeDFV3t2RMzV4LMCQg884s9FMMekSHzMz-OxnVC0lFtNbrOugTFwCGXqwT20ZfqF4CtHNrkaOFJwExOzg==
gAAAAABo0ogDeNlKREbJfZZ7rDE-RMgo8bTu7hyJkeFNP4e164Ua4x-rwyR8CPRf_SeoW0Jb4VjZ-1t3-wXwbdU56z1TOlv8fkS5abXpi2iRwgZMqsPjnKZTu6MPlHTHInYN6qwEnLW_X1fhtiksME_dA-o0sbBF_LFS6kG_dEKf_LGAQ40AK7t6G9Qy08dWmwmN0W2hwX6ZLIoL0U02LxgpO_6bdq6JiAQ2fElBfxtS0AFr1MRGsCU=
gAAAAABo0ogGdq44BVNah-Cvg5hV-ZWRRQ-QpGeqPfy2ZgiE77dmfwXRWzkPO7JGi4tBTsbvCO9DzeEftTxJd4HPgSl2PryLLQJ0NvTGjzjZJolqw_0fC2trcY0qU4aI38f3AjZLoUb4F4mp1yvylzy-DDi7KqqwGeza2l3evmbmyrTwFp3eSc_cytpEkUsSy7k0Pc3MxJ90LiMPnYk-WPkUMTskSLZY8g==
gAAAAABo0ogYkxBbbb3I7rQMVd5G04vGNDQ_ZYJDjtV4cCDw4Pb-SKThyo17ImfvZxDmXGrOsqEmBUKJyk372zbsPUYDztgTO8w_5nq2cvpsG2JF6_RkdqCcflgmCxUkulkuy3aW8WcQnnRAD5DR_lIPJqTRtX9ZGRdGsH3aLTZgRTgZrc43qydX5gCwPZ5wVPUojvGYDXCYLjoY3Qd9W0jF-jlFZ-E6-g==
gAAAAABo0ogfyfsMcBgNYx_t3BEOiYrMu-GpWfv7WyspbLlu415trvz7Fr87g_5Rpv7UKURV4ZTw7jBAc6FKaFYLRu35K5YiDDxiB-5TKUGlJ9AucDQdhBcWUHU8kiFCWnazdj-rWyXIMN7hhfq4XaHvRs7N214lgcVT3o0nIhdWPPBnU4HacqPrYPDsCKSU5J0_p1Y5WtRrEPwjMfLA29rX5cehoXPPyhrY3URRpXHI6k-UxNrr4P4I1fnlmIyDiiOQ0qXBKtlL
gAAAAABo0ogrBVt5UhZP2-vNJQkuHIrNz8rH8r4qcvP3Ok9w8phecrt4uiLt1WQPrlhbuYWhvCg6P4KbNNL66ciBR4g5lWmSlnriJhnjlPeC7js7QnMdLvbMSX62uAv9Q5myP8iol_6Bxjy5C1kPq4Y-pMFPoB2WJBOqv3VF4pZzFSx-aPFRv0MDCUPbH-p4bCrS2PKAmrAn59Wz_vTsduqJjISxQ4MyeA==
gAAAAABo0ogu03EtKqHvokPcgSaAlZt0mpN5gve4D9D7ZluIcQEgC_c9VfIx8480JyhFXQsU6MlhC-B92Kw3t3PnIokVv9tcaRKgXM_JXdaWls0etZMoiDo5ZilsH3JU1o_CvATkBuvsWieM7agg4hiybYUTiwSZj7ktER67ZqLkwkqCj5Pzlz5q8wwjHG1NCaUEjrt3y7Jiv38ZOfbhVMZyUQ4dKk0PtQ==
gAAAAABo0ospHJSI_f9phAwcC6puLEtrRS7W2S8ezt7uWD9XQ5DWFd_lc2IMYfdS0fQv-rV2N2FnHhhZ9tMewwOgahLGFsxfBtlNKyB7vawrj7mL0LWKbcCl5UTjBuWC2J_Jpc1UekzwAPOeK0-Hh50C_tbxTDA786nOuzutpszzW_NOpIopAmS1RnLnHd_rxuK9mubR7Io5hBmeyLTGn81Ban-HWpouXA==
gAAAAABo0osutES1a0labU2KUfEwp6s9nLKd_q8DEclDuzjl720RnXownArOSEKauUTMZ5PLpLq4Zz7eIQUXZOV9x6wLuaC_RynRLONoMAOKL0cZ8qHZzlvcOASes2Wv3_xfR4elNacciu_qEGMe9goxP75V2JdinQuhENsCW94_t2nZm3MKsuQMcyjKyeQ_l7C71Z80pkUTVurAsGMw08Fs_GWZe1ZPaQ==
gAAAAABo0osxaWQj9m-NWvQihDK6owR317g1O4K9bUSQjqsP9-qaH-2kUyJ3hyOTGFvlOxYF0qUwVKyNxDsgVyngqcPdGgFCBZpKl_4zfJ_v5UG2N5WatVS0Pc0qS3jI3SNyd7sjYTwWvsKnvClhwT6RyI2yT91m57mv-NQX1ZNe-c-dTyeaN2Ocoy9HuxK1k_1W83Lv-kPZp_oM4fqJgJR9SZczZYrNTg==
gAAAAABo0os1LvTf1c98FD3EHLgt2A6kw0IWsU0hHVvUVUbiLaBJJz3-BawRQSYGxvpQPJh0u4jBvb9XWlvNjzW_JwIFq2wY4Ph5FVbTF8t9nH25WC9yreLxBQxKZG1cRiBkFk8UOts9YtPv9IQjgwb5FPCoKyQKWrhYjWzBq36y3PY7FNWLCHGoRnvl_sHOeZW9GN6v8l_l8m2_I1dYMw-XdX8qpeZ5Sg==
gAAAAABo07QXtax_mhrI9AZqPSBb5k6EadVXzdyPtUONZlNnT0F49ebeaRNEp1SjC2joJHhqNAin8f4ay0VDz-UNiPhuVKCV05R3ku71a5UVlVV_NU-tIE2ycTrXY6tlW58Elk3nb-zkKu85K_y_tQbWUMvDGTkbljbFfzFCsuoAnPu22LLx23ufnhZCLnxUWZDnQCBwMKgv
gAAAAABo07QvaeDo51Gf72Xrw78TdpokAnydD8kTHalMzqH3YNBuwty1D4vZh3xY-gw1jxOfx6rEZaWmoWbDsIemp8MA8zr6y6UeoQ6M6dotfSDbkLWTBkBFPdEgy5MAy2ImThSty48Y5EQJ5Pc5Jnxf_gM5otLFTjyWdQr9yFnhybLo0aF1QWGPOfXvtuCUKde9LvES9GzPRw34AMnfKu5xktZPbTLMAralX8QYngs-CP-D88GbADE=
gAAAAABo07Q_00vIQ-0AQNUsVSCujIVyDY9k99vX96j7sRmhs5P5zLEHuGGpdkuFoleGoN3JAgz9wyJ5Ekw5L-0u5Xc8AdG6zH3VucuwZ9MpV-aEgptpwFnPUwwGro9JeyCwZdjNEVQTpLV5di_zBj9OzwcHhZLJmZ7MA0gTSiStmEajb9tOVHMgPew7XPQ8L2mCyep16uO7Xtia17n33wh4Q_fxAS1nMw==
gAAAAABo07REYqUVqpNpUEYlO6bSkuveMI45HG929LVYlxX6HVo5nuyZeLR8Ztza2mUnPBBaBMyzsVkA_MKOXJOS04mZB30WYV7s6CA4ntm60uHOe8RDVRbr_3jwnircJ3SSpppLD_v3f8KO6upGilRaVw-94-4AiCT_BVap7NrxyAlI7xInlfkTJlYVI5_2vttzZfUAnnAsM0IbSc0QsmuKmON4OycGbw==
gAAAAABo07RL5BVUtn3MqgzFbgMv40hFi-nlt9OgDChCd_tGES8jKa1-vzOMHQOD3YrqjV0ktSvmM_o-zwIbdFIFfUPvGbHZa6nD06RTJlzYUYD4GG0AD-svk8ugsoQ5VZ2BnsiVMz-MNTXyFxD0y-cytQIEcNcoBWmQaGW-y1weiDDl_4PyNFlNAb_Ix7OX9Ro4oiPPSC_mx3CRwHSCoFbdWO18nilshA==
gAAAAABo07RYYOaiMzEIIJ_wrL1YoUEFHfgpzMnsS71J2VIxpAONFHIQiadmLcfD_njS4SLZsU0gBbBPjrrUdphe-g6UPXFo1ZDs7f7ZAeLwxXRP2htA3Zg-bgw0LGm1u7Aq2a3AtULWWEHfsBzmmOGxLD5tpj694cQRBbqMEZi0kGznPkgn9RrC4Q99qBPcK8ViZ5TWaLjxvqZdW2uonVJDUnbq4xF0HQ==
gAAAAABo07Tn8azRUqugS8BN-bNF965qZcUeuFJ-gbyMPHlT-ikunM4Sr3elqpmgG1Y9ZnxRfJToiSLQOa-jeEMJpiE3DzU8cQg26GjvKVrnBmPtCfGeJeU7eaYy2aIQp3S_cEUjRNWhFh1SfhVr-fGb2A__VW_P2z6-R0Qt3zzE1jDUXFbNO16liv1natnNQYle-JerLhHX9V0DYqg8qjs52PlLpEXiDQ==
gAAAAABo07djcXSPmBEOHvFkhQZZXVlNLHDb5DL-7LOTL-kY8VnXx2u3fqwyjvQJzZdMa1r75_7xxwi8TtoF5yp3Ip6Q5ffKcS2otRI0yBrDgAXewPMLsT9PYjEpDeQO5QQlnnq43m4XDeF76jNwajmhKMyFlXQLb6w8LKg0nnMIjE_O-UkvpwWBeIJtu_74zsxCZOkLL88w
